{
  "RSpec": {
    "coverage": {
      "/Users/Audrey/ada-class/Week11/SeeMore/config/environment.rb": [
        null,
        1,
        null,
        null,
        1,
        null
      ],
      "/Users/Audrey/ada-class/Week11/SeeMore/config/application.rb": [
        1,
        null,
        1,
        null,
        null,
        null,
        1,
        null,
        1,
        1,
        null,
        null,
        null,
        null,
        null,
        null,
        null,
        null,
        null,
        null,
        null,
        null,
        null
      ],
      "/Users/Audrey/ada-class/Week11/SeeMore/config/boot.rb": [
        null,
        1,
        null,
        1
      ],
      "/Users/Audrey/ada-class/Week11/SeeMore/config/environments/test.rb": [
        1,
        null,
        null,
        null,
        null,
        null,
        null,
        1,
        null,
        null,
        null,
        null,
        1,
        null,
        null,
        1,
        1,
        null,
        null,
        1,
        1,
        null,
        null,
        1,
        null,
        null,
        1,
        null,
        null,
        null,
        null,
        1,
        null,
        null,
        1,
        null
      ],
      "/Users/Audrey/ada-class/Week11/SeeMore/config/initializers/backtrace_silencers.rb": [
        null,
        null,
        null,
        null,
        null,
        null,
        null
      ],
      "/Users/Audrey/ada-class/Week11/SeeMore/config/initializers/filter_parameter_logging.rb": [
        null,
        null,
        null,
        1
      ],
      "/Users/Audrey/ada-class/Week11/SeeMore/config/initializers/inflections.rb": [
        null,
        null,
        null,
        null,
        null,
        null,
        null,
        null,
        null,
        null,
        null,
        null,
        null,
        null,
        null,
        null
      ],
      "/Users/Audrey/ada-class/Week11/SeeMore/config/initializers/mime_types.rb": [
        null,
        null,
        null,
        null,
        null
      ],
      "/Users/Audrey/ada-class/Week11/SeeMore/config/initializers/omniauth.rb": [
        1,
        1,
        null
      ],
      "/Users/Audrey/ada-class/Week11/SeeMore/config/initializers/secret_token.rb": [
        null,
        null,
        null,
        null,
        null,
        null,
        null,
        null,
        null,
        null,
        null,
        1
      ],
      "/Users/Audrey/ada-class/Week11/SeeMore/config/initializers/session_store.rb": [
        null,
        null,
        1
      ],
      "/Users/Audrey/ada-class/Week11/SeeMore/config/initializers/wrap_parameters.rb": [
        null,
        null,
        null,
        null,
        null,
        null,
        1,
        1,
        null,
        null,
        null,
        null,
        null,
        null
      ],
      "/Users/Audrey/ada-class/Week11/SeeMore/spec/factories.rb": [
        1,
        1,
        1,
        1,
        1,
        null,
        null,
        1,
        1,
        1,
        1,
        1,
        null,
        null,
        1,
        1,
        1,
        null,
        1,
        1,
        1,
        1,
        1,
        null,
        1,
        1,
        1,
        null,
        1,
        1,
        1,
        null,
        1,
        1,
        1,
        1,
        null,
        null
      ],
      "/Users/Audrey/ada-class/Week11/SeeMore/app/models/twitter_feed.rb": [
        1,
        null,
        1,
        3,
        3,
        3,
        null,
        null,
        3,
        null,
        null,
        null,
        null,
        3,
        null,
        null,
        1,
        4,
        4,
        null,
        null,
        1,
        4,
        4,
        null,
        null,
        1,
        12,
        null,
        null,
        1,
        4,
        4,
        4,
        4,
        null,
        4,
        null,
        null,
        1,
        18,
        18,
        18,
        18,
        18,
        null,
        null,
        null
      ],
      "/Users/Audrey/ada-class/Week11/SeeMore/app/models/feed.rb": [
        1,
        1,
        1,
        1,
        1,
        null,
        null,
        null,
        1,
        0,
        null,
        null,
        1,
        0,
        null,
        null,
        null,
        null,
        0,
        null,
        null,
        1,
        4,
        4,
        4,
        4,
        8,
        null,
        null,
        12,
        null,
        null,
        null
      ],
      "/Users/Audrey/ada-class/Week11/SeeMore/app/models/post.rb": [
        1,
        null
      ],
      "/Users/Audrey/ada-class/Week11/SeeMore/app/models/user_feed.rb": [
        1,
        1,
        1,
        null,
        1,
        0,
        0,
        null,
        0,
        0,
        null,
        0,
        null,
        null,
        1,
        0,
        null,
        null,
        null,
        null,
        null
      ],
      "/Users/Audrey/ada-class/Week11/SeeMore/app/models/user.rb": [
        1,
        null,
        1,
        null,
        1,
        1,
        null,
        1,
        7,
        null,
        null,
        1,
        7,
        null,
        null,
        null,
        null,
        null,
        null,
        1,
        null,
        null
      ],
      "/Users/Audrey/ada-class/Week11/SeeMore/app/models/tumblr_feed.rb": [
        1,
        null,
        1,
        4,
        4,
        4,
        null,
        null,
        1,
        4,
        4,
        null,
        null,
        1,
        10,
        10,
        null,
        null,
        1,
        4,
        4,
        4,
        4,
        12,
        null,
        4,
        null,
        null,
        1,
        3,
        3,
        3,
        null,
        null,
        null,
        null,
        3,
        null,
        null,
        null,
        1,
        null,
        1,
        3,
        3,
        null,
        3,
        null,
        0,
        null,
        0,
        null,
        0,
        null,
        0,
        null,
        0,
        null,
        0,
        null,
        0,
        null,
        null,
        null,
        1,
        3,
        3,
        3,
        3,
        3,
        3,
        null,
        3,
        null,
        null,
        1,
        0,
        0,
        0,
        0,
        0,
        0,
        null,
        null,
        0,
        null,
        null,
        1,
        0,
        0,
        0,
        0,
        0,
        0,
        null,
        0,
        null,
        null,
        1,
        0,
        0,
        0,
        0,
        0,
        0,
        0,
        null,
        0,
        null,
        null,
        1,
        0,
        0,
        0,
        0,
        0,
        0,
        0,
        0,
        null,
        null,
        0,
        null,
        null,
        1,
        0,
        0,
        0,
        0,
        0,
        0,
        0,
        null,
        null,
        0,
        null,
        null,
        1,
        0,
        0,
        0,
        0,
        0,
        0,
        0,
        null,
        0,
        null,
        null,
        1,
        0,
        0,
        0,
        0,
        0,
        0,
        null,
        0,
        null,
        null
      ],
      "/Users/Audrey/ada-class/Week11/SeeMore/config/routes.rb": [
        1,
        null,
        1,
        1,
        null,
        1,
        null,
        1,
        1,
        null,
        1,
        null,
        null,
        null,
        null,
        null,
        null,
        null,
        null,
        1,
        1,
        1,
        1,
        1,
        null,
        null
      ],
      "/Users/Audrey/ada-class/Week11/SeeMore/app/helpers/application_helper.rb": [
        1,
        null
      ],
      "/Users/Audrey/ada-class/Week11/SeeMore/app/helpers/users_helper.rb": [
        1,
        null
      ],
      "/Users/Audrey/ada-class/Week11/SeeMore/app/controllers/sessions_controller.rb": [
        1,
        null,
        1,
        5,
        5,
        5,
        null,
        5,
        5,
        5,
        null,
        0,
        null,
        null,
        0,
        null,
        null,
        null,
        1,
        2,
        2,
        null,
        null
      ],
      "/Users/Audrey/ada-class/Week11/SeeMore/app/controllers/application_controller.rb": [
        1,
        null,
        null,
        1,
        1,
        null,
        1,
        7,
        null,
        0,
        0,
        null,
        1,
        null,
        null,
        null
      ],
      "/Users/Audrey/ada-class/Week11/SeeMore/spec/controllers/users_controller_spec.rb": [
        1,
        null,
        1,
        null,
        1,
        2,
        null,
        1,
        1,
        null,
        null,
        1,
        1,
        1,
        1,
        null,
        null,
        null,
        null
      ],
      "/Users/Audrey/ada-class/Week11/SeeMore/app/controllers/users_controller.rb": [
        1,
        null,
        1,
        null,
        null,
        null,
        null,
        null,
        null,
        null,
        null,
        null,
        null,
        null,
        null
      ],
      "/Users/Audrey/ada-class/Week11/SeeMore/spec/helpers/users_helper_spec.rb": [
        1,
        null,
        null,
        null,
        null,
        null,
        null,
        null,
        null,
        null,
        null,
        null,
        1,
        1,
        null
      ],
      "/Users/Audrey/ada-class/Week11/SeeMore/spec/models/feed_spec.rb": [
        1,
        null,
        1,
        null,
        1,
        1,
        1,
        null,
        null,
        1,
        1,
        null,
        null,
        1,
        1,
        null,
        null,
        1,
        1,
        1,
        null,
        null,
        null,
        1,
        4,
        4,
        4,
        4,
        4,
        null,
        1,
        1,
        null,
        null,
        1,
        1,
        null,
        null,
        1,
        1,
        1,
        null,
        null,
        null
      ],
      "/Users/Audrey/ada-class/Week11/SeeMore/spec/models/post_spec.rb": [
        1,
        null,
        1,
        1,
        null
      ],
      "/Users/Audrey/ada-class/Week11/SeeMore/spec/models/tumblr_feed_spec.rb": [
        1,
        null,
        1,
        9,
        9,
        null,
        1,
        1,
        1,
        1,
        null,
        null,
        null,
        1,
        1,
        1,
        null,
        null,
        null,
        1,
        1,
        1,
        null,
        null,
        null,
        1,
        1,
        null,
        null,
        null,
        1,
        1,
        1,
        null,
        null,
        1,
        1,
        null,
        null,
        null,
        1,
        3,
        1,
        1,
        null,
        null,
        1,
        1,
        1,
        null,
        null,
        null
      ],
      "/Users/Audrey/ada-class/Week11/SeeMore/spec/models/twitter_feed_spec.rb": [
        1,
        null,
        1,
        7,
        8,
        1,
        1,
        1,
        null,
        null,
        null,
        null,
        null,
        1,
        1,
        null,
        null,
        null,
        1,
        1,
        1,
        1,
        null,
        null,
        null,
        1,
        1,
        1,
        null,
        null,
        null,
        1,
        1,
        1,
        null,
        1,
        1,
        null,
        null,
        null,
        null,
        1,
        3,
        1,
        1,
        null,
        null,
        1,
        1,
        1,
        null,
        null,
        null
      ],
      "/Users/Audrey/ada-class/Week11/SeeMore/spec/models/user_feed_spec.rb": [

      ],
      "/Users/Audrey/ada-class/Week11/SeeMore/spec/models/user_spec.rb": [
        1,
        null,
        1,
        null,
        6,
        1,
        1,
        1,
        null,
        null,
        1,
        1,
        1,
        null,
        null,
        1,
        1,
        1,
        null,
        null,
        1,
        1,
        1,
        null,
        null,
        1,
        1,
        1,
        null,
        null,
        null,
        null
      ],
      "/Users/Audrey/ada-class/Week11/SeeMore/app/models/tumblr_client.rb": [
        1,
        null,
        1,
        22,
        22,
        22,
        22,
        22,
        null,
        null,
        22,
        null,
        null
      ]
    },
    "timestamp": 1391033855
  }
}
