{
  "RSpec": {
    "coverage": {
      "/Users/Ellen/Documents/ada_homework/in_progress/FeedHunter/app/models/twitter_feed.rb": [
        1,
        null,
        1,
        3,
        3,
        3,
        null,
        null,
        3,
        null,
        null,
        null,
        null,
        3,
        null,
        null,
        1,
        4,
        4,
        null,
        null,
        1,
        4,
        4,
        null,
        null,
        1,
        12,
        null,
        null,
        1,
        4,
        4,
        4,
        4,
        null,
        4,
        null,
        null,
        1,
        18,
        18,
        18,
        18,
        18,
        null,
        null,
        null
      ],
      "/Users/Ellen/Documents/ada_homework/in_progress/FeedHunter/app/models/feed.rb": [
        1,
        1,
        1,
        1,
        null,
        1,
        0,
        null,
        null,
        null,
        1,
        0,
        null,
        null,
        1,
        0,
        null,
        null,
        null,
        null,
        0,
        null,
        null,
        1,
        0,
        0,
        0,
        0,
        0,
        null,
        null,
        0,
        null,
        null,
        null
      ],
      "/Users/Ellen/Documents/ada_homework/in_progress/FeedHunter/app/models/post.rb": [
        1,
        null
      ]
    },
    "timestamp": 1391018031
  }
}
